#
# There is insufficient memory for the Java Runtime Environment to continue.
# Native memory allocation (malloc) failed to allocate 354128 bytes. Error detail: Chunk::new
# Possible reasons:
#   The system is out of physical RAM or swap space
#   This process is running with CompressedOops enabled, and the Java Heap may be blocking the growth of the native heap
# Possible solutions:
#   Reduce memory load on the system
#   Increase physical memory or swap space
#   Check if swap backing store is full
#   Decrease Java heap size (-Xmx/-Xms)
#   Decrease number of Java threads
#   Decrease Java thread stack sizes (-Xss)
#   Set larger code cache with -XX:ReservedCodeCacheSize=
#   JVM is running with Unscaled Compressed Oops mode in which the Java heap is
#     placed in the first 4GB address space. The Java Heap base address is the
#     maximum limit for the native heap growth. Please use -XX:HeapBaseMinAddress
#     to set the Java Heap base and to place the Java Heap above 4GB virtual address.
# This output file may be truncated or incomplete.
#
#  Out of Memory Error (arena.cpp:150), pid=18868, tid=34272
#
# JRE version: OpenJDK Runtime Environment (22.0.2+9) (build 22.0.2+9-70)
# Java VM: OpenJDK 64-Bit Server VM (22.0.2+9-70, mixed mode, sharing, tiered, compressed oops, compressed class ptrs, g1 gc, windows-amd64)
# No core dump will be written. Minidumps are not enabled by default on client versions of Windows
#

---------------  S U M M A R Y ------------

Command Line: -javaagent:C:\Users\11024ss\AppData\Local\JetBrains\IntelliJ IDEA Community Edition 2024.1.4\lib\idea_rt.jar=49690:C:\Users\11024ss\AppData\Local\JetBrains\IntelliJ IDEA Community Edition 2024.1.4\bin -Dfile.encoding=UTF-8 -Dsun.stdout.encoding=UTF-8 -Dsun.stderr.encoding=UTF-8 org.example.QRCD

Host: 11th Gen Intel(R) Core(TM) i3-1115G4 @ 3.00GHz, 4 cores, 7G,  Windows 11 , 64 bit Build 26100 (10.0.26100.7623)
Time: Fri Feb 27 16:32:45 2026 India Standard Time elapsed time: 43.586624 seconds (0d 0h 0m 43s)

---------------  T H R E A D  ---------------

Current thread (0x000001ef583249b0):  JavaThread "C2 CompilerThread0" daemon [_thread_in_native, id=34272, stack(0x0000001c6c300000,0x0000001c6c400000) (1024K)]


Current CompileTask:
C2:43587 1667 % !   4       java.util.concurrent.ConcurrentHashMap::transfer @ 96 (849 bytes)

Stack: [0x0000001c6c300000,0x0000001c6c400000]
Native frames: (J=compiled Java code, j=interpreted, Vv=VM code, C=native code)
V  [jvm.dll+0x6e26e9]  (no source info available)
V  [jvm.dll+0x875753]  (no source info available)
V  [jvm.dll+0x877b7e]  (no source info available)
V  [jvm.dll+0x878253]  (no source info available)
V  [jvm.dll+0x27fc86]  (no source info available)
V  [jvm.dll+0xc3d0f]  (no source info available)
V  [jvm.dll+0xc3f6b]  (no source info available)
V  [jvm.dll+0x3bb47c]  (no source info available)
V  [jvm.dll+0x387d4b]  (no source info available)
V  [jvm.dll+0x3871ba]  (no source info available)
V  [jvm.dll+0x2477f8]  (no source info available)
V  [jvm.dll+0x246e9f]  (no source info available)
V  [jvm.dll+0x1c4e80]  (no source info available)
V  [jvm.dll+0x2568f3]  (no source info available)
V  [jvm.dll+0x254baa]  (no source info available)
V  [jvm.dll+0x3f57a6]  (no source info available)
V  [jvm.dll+0x81dc0b]  (no source info available)
V  [jvm.dll+0x6e0d85]  (no source info available)
C  [ucrtbase.dll+0x37b0]  (no source info available)
C  [KERNEL32.DLL+0x2e8d7]  (no source info available)
C  [ntdll.dll+0x8c53c]  (no source info available)


---------------  P R O C E S S  ---------------

Threads class SMR info:
_java_thread_list=0x000001ef9e7e5310, length=22, elements={
0x000001ef3a14dc60, 0x000001ef582ee2f0, 0x000001ef582f1b70, 0x000001ef582f6e00,
0x000001ef582f7ea0, 0x000001ef582f9190, 0x000001ef58301f60, 0x000001ef583249b0,
0x000001ef583294d0, 0x000001ef582bc600, 0x000001ef9e0c3940, 0x000001ef9e0c3fb0,
0x000001ef9e7433d0, 0x000001ef9e7554d0, 0x000001ef9e872020, 0x000001ef9e872690,
0x000001ef9e849ee0, 0x000001ef9e84ac00, 0x000001ef9e84b920, 0x000001ef9e84b290,
0x000001ef9e84bfb0, 0x000001ef9e84c640
}

Java Threads: ( => current thread )
  0x000001ef3a14dc60 JavaThread "Forwarding newSession on session null to remote"        [_thread_blocked, id=4352, stack(0x0000001c6b500000,0x0000001c6b600000) (1024K)]
  0x000001ef582ee2f0 JavaThread "Reference Handler"          daemon [_thread_blocked, id=21808, stack(0x0000001c6bd00000,0x0000001c6be00000) (1024K)]
  0x000001ef582f1b70 JavaThread "Finalizer"                  daemon [_thread_blocked, id=25132, stack(0x0000001c6be00000,0x0000001c6bf00000) (1024K)]
  0x000001ef582f6e00 JavaThread "Signal Dispatcher"          daemon [_thread_blocked, id=35936, stack(0x0000001c6bf00000,0x0000001c6c000000) (1024K)]
  0x000001ef582f7ea0 JavaThread "Attach Listener"            daemon [_thread_blocked, id=37940, stack(0x0000001c6c000000,0x0000001c6c100000) (1024K)]
  0x000001ef582f9190 JavaThread "Service Thread"             daemon [_thread_blocked, id=38676, stack(0x0000001c6c100000,0x0000001c6c200000) (1024K)]
  0x000001ef58301f60 JavaThread "Monitor Deflation Thread"   daemon [_thread_blocked, id=37720, stack(0x0000001c6c200000,0x0000001c6c300000) (1024K)]
=>0x000001ef583249b0 JavaThread "C2 CompilerThread0"         daemon [_thread_in_native, id=34272, stack(0x0000001c6c300000,0x0000001c6c400000) (1024K)]
  0x000001ef583294d0 JavaThread "C1 CompilerThread0"         daemon [_thread_blocked, id=24724, stack(0x0000001c6c400000,0x0000001c6c500000) (1024K)]
  0x000001ef582bc600 JavaThread "Common-Cleaner"             daemon [_thread_blocked, id=32892, stack(0x0000001c6c500000,0x0000001c6c600000) (1024K)]
  0x000001ef9e0c3940 JavaThread "Monitor Ctrl-Break"         daemon [_thread_in_native, id=12136, stack(0x0000001c6c600000,0x0000001c6c700000) (1024K)]
  0x000001ef9e0c3fb0 JavaThread "Notification Thread"        daemon [_thread_blocked, id=23540, stack(0x0000001c6c700000,0x0000001c6c800000) (1024K)]
  0x000001ef9e7433d0 JavaThread "HttpClient-1-SelectorManager" daemon [_thread_in_native, id=5916, stack(0x0000001c6cc00000,0x0000001c6cd00000) (1024K)]
  0x000001ef9e7554d0 JavaThread "External Process Output Forwarder - C:\Users\11024ss\Downloads\edgedriver_win64 (2)\msedgedriver.exe" daemon [_thread_in_native, id=32396, stack(0x0000001c6cd00000,0x0000001c6ce00000) (1024K)]
  0x000001ef9e872020 JavaThread "Driver Service Executor"    daemon [_thread_blocked, id=6728, stack(0x0000001c6ce00000,0x0000001c6cf00000) (1024K)]
  0x000001ef9e872690 JavaThread "Driver Service Executor"    daemon [_thread_blocked, id=8496, stack(0x0000001c6cf00000,0x0000001c6d000000) (1024K)]
  0x000001ef9e849ee0 JavaThread "UrlChecker-2"               daemon [_thread_in_native, id=32352, stack(0x0000001c6d000000,0x0000001c6d100000) (1024K)]
  0x000001ef9e84ac00 JavaThread "JdkHttpClient-0-0"          daemon [_thread_blocked, id=16404, stack(0x0000001c6d300000,0x0000001c6d400000) (1024K)]
  0x000001ef9e84b920 JavaThread "CompletableFutureDelayScheduler" daemon [_thread_blocked, id=24580, stack(0x0000001c6d400000,0x0000001c6d500000) (1024K)]
  0x000001ef9e84b290 JavaThread "JdkHttpClient-0-1"          daemon [_thread_blocked, id=10696, stack(0x0000001c6d500000,0x0000001c6d600000) (1024K)]
  0x000001ef9e84bfb0 JavaThread "JdkHttpClient-0-2"          daemon [_thread_blocked, id=36420, stack(0x0000001c6d600000,0x0000001c6d700000) (1024K)]
  0x000001ef9e84c640 JavaThread "JdkHttpClient-0-3"          daemon [_thread_blocked, id=29840, stack(0x0000001c6d700000,0x0000001c6d800000) (1024K)]
Total: 22

Other Threads:
  0x000001ef582d5090 VMThread "VM Thread"                           [id=20136, stack(0x0000001c6bc00000,0x0000001c6bd00000) (1024K)]
  0x000001ef582ba7b0 WatcherThread "VM Periodic Task Thread"        [id=6784, stack(0x0000001c6bb00000,0x0000001c6bc00000) (1024K)]
  0x000001ef3c46aa60 WorkerThread "GC Thread#0"                     [id=28904, stack(0x0000001c6b600000,0x0000001c6b700000) (1024K)]
  0x000001ef9e6bc320 WorkerThread "GC Thread#1"                     [id=15088, stack(0x0000001c6c900000,0x0000001c6ca00000) (1024K)]
  0x000001ef9e7135f0 WorkerThread "GC Thread#2"                     [id=30448, stack(0x0000001c6ca00000,0x0000001c6cb00000) (1024K)]
  0x000001ef9e7139a0 WorkerThread "GC Thread#3"                     [id=25228, stack(0x0000001c6cb00000,0x0000001c6cc00000) (1024K)]
  0x000001ef3c47c8d0 ConcurrentGCThread "G1 Main Marker"            [id=35664, stack(0x0000001c6b700000,0x0000001c6b800000) (1024K)]
  0x000001ef3c47d3e0 WorkerThread "G1 Conc#0"                       [id=19520, stack(0x0000001c6b800000,0x0000001c6b900000) (1024K)]
  0x000001ef3c4ce7f0 ConcurrentGCThread "G1 Refine#0"               [id=15060, stack(0x0000001c6b900000,0x0000001c6ba00000) (1024K)]
  0x000001ef5818a510 ConcurrentGCThread "G1 Service"                [id=5372, stack(0x0000001c6ba00000,0x0000001c6bb00000) (1024K)]
Total: 10

Threads with active compile tasks:
C2 CompilerThread0  43944 1667 % !   4       java.util.concurrent.ConcurrentHashMap::transfer @ 96 (849 bytes)
Total: 1

VM state: not at safepoint (normal execution)

VM Mutex/Monitor currently owned by a thread: None

OutOfMemory and StackOverflow Exception counts:
OutOfMemoryError java_heap_errors=1
LinkageErrors=55

Heap address: 0x0000000084200000, size: 1982 MB, Compressed Oops mode: 32-bit

CDS archive(s) mapped at: [0x000001ef59000000-0x000001ef59c60000-0x000001ef59c60000), size 12976128, SharedBaseAddress: 0x000001ef59000000, ArchiveRelocationMode: 1.
Compressed class space mapped at: 0x000001ef5a000000-0x000001ef9a000000, reserved size: 1073741824
Narrow klass base: 0x000001ef59000000, Narrow klass shift: 0, Narrow klass range: 0x41000000

GC Precious Log:
 CardTable entry size: 512
 Card Set container configuration: InlinePtr #cards 5 size 8 Array Of Cards #cards 12 size 40 Howl #buckets 4 coarsen threshold 1843 Howl Bitmap #cards 512 size 80 coarsen threshold 460 Card regions per heap region 1 cards per card region 2048
 CPUs: 4 total, 4 available
 Memory: 7926M
 Large Page Support: Disabled
 NUMA Support: Disabled
 Compressed Oops: Enabled (32-bit)
 Heap Region Size: 1M
 Heap Min Capacity: 8M
 Heap Initial Capacity: 124M
 Heap Max Capacity: 1982M
 Pre-touch: Disabled
 Parallel Workers: 4
 Concurrent Workers: 1
 Concurrent Refinement Workers: 4
 Periodic GC: Disabled

Heap:
 garbage-first heap   total reserved 2029568K, committed 126976K, used 19840K [0x0000000084200000, 0x0000000100000000)
  region size 1024K, 16 young (16384K), 2 survivors (2048K)
 Metaspace       used 10964K, committed 11328K, reserved 1114112K
  class space    used 1331K, committed 1472K, reserved 1048576K

Heap Regions: E=young(eden), S=young(survivor), O=old, HS=humongous(starts), HC=humongous(continues), CS=collection set, F=free, TAMS=top-at-mark-start, PB=parsable bottom
|   0|0x0000000084200000, 0x0000000084300000, 0x0000000084300000|100%|HS|  |TAMS 0x0000000084200000| PB 0x0000000084200000| Complete |  0
|   1|0x0000000084300000, 0x0000000084400000, 0x0000000084400000|100%| O|  |TAMS 0x0000000084300000| PB 0x0000000084300000| Untracked |  0
|   2|0x0000000084400000, 0x0000000084500000, 0x0000000084500000|100%| O|  |TAMS 0x0000000084400000| PB 0x0000000084400000| Untracked |  0
|   3|0x0000000084500000, 0x0000000084600000, 0x0000000084600000|100%| O|  |TAMS 0x0000000084500000| PB 0x0000000084500000| Untracked |  0
|   4|0x0000000084600000, 0x0000000084660000, 0x0000000084700000| 37%| O|  |TAMS 0x0000000084600000| PB 0x0000000084600000| Untracked |  0
|   5|0x0000000084700000, 0x0000000084700000, 0x0000000084800000|  0%| F|  |TAMS 0x0000000084700000| PB 0x0000000084700000| Untracked |  0
|   6|0x0000000084800000, 0x0000000084800000, 0x0000000084900000|  0%| F|  |TAMS 0x0000000084800000| PB 0x0000000084800000| Untracked |  0
|   7|0x0000000084900000, 0x0000000084900000, 0x0000000084a00000|  0%| F|  |TAMS 0x0000000084900000| PB 0x0000000084900000| Untracked |  0
|   8|0x0000000084a00000, 0x0000000084a00000, 0x0000000084b00000|  0%| F|  |TAMS 0x0000000084a00000| PB 0x0000000084a00000| Untracked |  0
|   9|0x0000000084b00000, 0x0000000084b00000, 0x0000000084c00000|  0%| F|  |TAMS 0x0000000084b00000| PB 0x0000000084b00000| Untracked |  0
|  10|0x0000000084c00000, 0x0000000084c00000, 0x0000000084d00000|  0%| F|  |TAMS 0x0000000084c00000| PB 0x0000000084c00000| Untracked |  0
|  11|0x0000000084d00000, 0x0000000084d00000, 0x0000000084e00000|  0%| F|  |TAMS 0x0000000084d00000| PB 0x0000000084d00000| Untracked |  0
|  12|0x0000000084e00000, 0x0000000084e00000, 0x0000000084f00000|  0%| F|  |TAMS 0x0000000084e00000| PB 0x0000000084e00000| Untracked |  0
|  13|0x0000000084f00000, 0x0000000084f00000, 0x0000000085000000|  0%| F|  |TAMS 0x0000000084f00000| PB 0x0000000084f00000| Untracked |  0
|  14|0x0000000085000000, 0x0000000085000000, 0x0000000085100000|  0%| F|  |TAMS 0x0000000085000000| PB 0x0000000085000000| Untracked |  0
|  15|0x0000000085100000, 0x0000000085100000, 0x0000000085200000|  0%| F|  |TAMS 0x0000000085100000| PB 0x0000000085100000| Untracked |  0
|  16|0x0000000085200000, 0x0000000085200000, 0x0000000085300000|  0%| F|  |TAMS 0x0000000085200000| PB 0x0000000085200000| Untracked |  0
|  17|0x0000000085300000, 0x0000000085300000, 0x0000000085400000|  0%| F|  |TAMS 0x0000000085300000| PB 0x0000000085300000| Untracked |  0
|  18|0x0000000085400000, 0x0000000085400000, 0x0000000085500000|  0%| F|  |TAMS 0x0000000085400000| PB 0x0000000085400000| Untracked |  0
|  19|0x0000000085500000, 0x0000000085500000, 0x0000000085600000|  0%| F|  |TAMS 0x0000000085500000| PB 0x0000000085500000| Untracked |  0
|  20|0x0000000085600000, 0x0000000085600000, 0x0000000085700000|  0%| F|  |TAMS 0x0000000085600000| PB 0x0000000085600000| Untracked |  0
|  21|0x0000000085700000, 0x0000000085700000, 0x0000000085800000|  0%| F|  |TAMS 0x0000000085700000| PB 0x0000000085700000| Untracked |  0
|  22|0x0000000085800000, 0x0000000085800000, 0x0000000085900000|  0%| F|  |TAMS 0x0000000085800000| PB 0x0000000085800000| Untracked |  0
|  23|0x0000000085900000, 0x0000000085900000, 0x0000000085a00000|  0%| F|  |TAMS 0x0000000085900000| PB 0x0000000085900000| Untracked |  0
|  24|0x0000000085a00000, 0x0000000085a00000, 0x0000000085b00000|  0%| F|  |TAMS 0x0000000085a00000| PB 0x0000000085a00000| Untracked |  0
|  25|0x0000000085b00000, 0x0000000085b00000, 0x0000000085c00000|  0%| F|  |TAMS 0x0000000085b00000| PB 0x0000000085b00000| Untracked |  0
|  26|0x0000000085c00000, 0x0000000085c00000, 0x0000000085d00000|  0%| F|  |TAMS 0x0000000085c00000| PB 0x0000000085c00000| Untracked |  0
|  27|0x0000000085d00000, 0x0000000085d00000, 0x0000000085e00000|  0%| F|  |TAMS 0x0000000085d00000| PB 0x0000000085d00000| Untracked |  0
|  28|0x0000000085e00000, 0x0000000085e00000, 0x0000000085f00000|  0%| F|  |TAMS 0x0000000085e00000| PB 0x0000000085e00000| Untracked |  0
|  29|0x0000000085f00000, 0x0000000085f00000, 0x0000000086000000|  0%| F|  |TAMS 0x0000000085f00000| PB 0x0000000085f00000| Untracked |  0
|  30|0x0000000086000000, 0x0000000086000000, 0x0000000086100000|  0%| F|  |TAMS 0x0000000086000000| PB 0x0000000086000000| Untracked |  0
|  31|0x0000000086100000, 0x0000000086100000, 0x0000000086200000|  0%| F|  |TAMS 0x0000000086100000| PB 0x0000000086100000| Untracked |  0
|  32|0x0000000086200000, 0x0000000086200000, 0x0000000086300000|  0%| F|  |TAMS 0x0000000086200000| PB 0x0000000086200000| Untracked |  0
|  33|0x0000000086300000, 0x0000000086300000, 0x0000000086400000|  0%| F|  |TAMS 0x0000000086300000| PB 0x0000000086300000| Untracked |  0
|  34|0x0000000086400000, 0x0000000086400000, 0x0000000086500000|  0%| F|  |TAMS 0x0000000086400000| PB 0x0000000086400000| Untracked |  0
|  35|0x0000000086500000, 0x0000000086500000, 0x0000000086600000|  0%| F|  |TAMS 0x0000000086500000| PB 0x0000000086500000| Untracked |  0
|  36|0x0000000086600000, 0x0000000086600000, 0x0000000086700000|  0%| F|  |TAMS 0x0000000086600000| PB 0x0000000086600000| Untracked |  0
|  37|0x0000000086700000, 0x0000000086700000, 0x0000000086800000|  0%| F|  |TAMS 0x0000000086700000| PB 0x0000000086700000| Untracked |  0
|  38|0x0000000086800000, 0x0000000086800000, 0x0000000086900000|  0%| F|  |TAMS 0x0000000086800000| PB 0x0000000086800000| Untracked |  0
|  39|0x0000000086900000, 0x0000000086900000, 0x0000000086a00000|  0%| F|  |TAMS 0x0000000086900000| PB 0x0000000086900000| Untracked |  0
|  40|0x0000000086a00000, 0x0000000086a00000, 0x0000000086b00000|  0%| F|  |TAMS 0x0000000086a00000| PB 0x0000000086a00000| Untracked |  0
|  41|0x0000000086b00000, 0x0000000086b00000, 0x0000000086c00000|  0%| F|  |TAMS 0x0000000086b00000| PB 0x0000000086b00000| Untracked |  0
|  42|0x0000000086c00000, 0x0000000086c00000, 0x0000000086d00000|  0%| F|  |TAMS 0x0000000086c00000| PB 0x0000000086c00000| Untracked |  0
|  43|0x0000000086d00000, 0x0000000086d00000, 0x0000000086e00000|  0%| F|  |TAMS 0x0000000086d00000| PB 0x0000000086d00000| Untracked |  0
|  44|0x0000000086e00000, 0x0000000086e00000, 0x0000000086f00000|  0%| F|  |TAMS 0x0000000086e00000| PB 0x0000000086e00000| Untracked |  0
|  45|0x0000000086f00000, 0x0000000086f00000, 0x0000000087000000|  0%| F|  |TAMS 0x0000000086f00000| PB 0x0000000086f00000| Untracked |  0
|  46|0x0000000087000000, 0x0000000087000000, 0x0000000087100000|  0%| F|  |TAMS 0x0000000087000000| PB 0x0000000087000000| Untracked |  0
|  47|0x0000000087100000, 0x0000000087100000, 0x0000000087200000|  0%| F|  |TAMS 0x0000000087100000| PB 0x0000000087100000| Untracked |  0
|  48|0x0000000087200000, 0x0000000087200000, 0x0000000087300000|  0%| F|  |TAMS 0x0000000087200000| PB 0x0000000087200000| Untracked |  0
|  49|0x0000000087300000, 0x0000000087300000, 0x0000000087400000|  0%| F|  |TAMS 0x0000000087300000| PB 0x0000000087300000| Untracked |  0
|  50|0x0000000087400000, 0x0000000087400000, 0x0000000087500000|  0%| F|  |TAMS 0x0000000087400000| PB 0x0000000087400000| Untracked |  0
|  51|0x0000000087500000, 0x0000000087500000, 0x0000000087600000|  0%| F|  |TAMS 0x0000000087500000| PB 0x0000000087500000| Untracked |  0
|  52|0x0000000087600000, 0x0000000087600000, 0x0000000087700000|  0%| F|  |TAMS 0x0000000087600000| PB 0x0000000087600000| Untracked |  0
|  53|0x0000000087700000, 0x0000000087700000, 0x0000000087800000|  0%| F|  |TAMS 0x0000000087700000| PB 0x0000000087700000| Untracked |  0
|  54|0x0000000087800000, 0x0000000087800000, 0x0000000087900000|  0%| F|  |TAMS 0x0000000087800000| PB 0x0000000087800000| Untracked |  0
|  55|0x0000000087900000, 0x0000000087900000, 0x0000000087a00000|  0%| F|  |TAMS 0x0000000087900000| PB 0x0000000087900000| Untracked |  0
|  56|0x0000000087a00000, 0x0000000087a00000, 0x0000000087b00000|  0%| F|  |TAMS 0x0000000087a00000| PB 0x0000000087a00000| Untracked |  0
|  57|0x0000000087b00000, 0x0000000087b00000, 0x0000000087c00000|  0%| F|  |TAMS 0x0000000087b00000| PB 0x0000000087b00000| Untracked |  0
|  58|0x0000000087c00000, 0x0000000087c00000, 0x0000000087d00000|  0%| F|  |TAMS 0x0000000087c00000| PB 0x0000000087c00000| Untracked |  0
|  59|0x0000000087d00000, 0x0000000087d00000, 0x0000000087e00000|  0%| F|  |TAMS 0x0000000087d00000| PB 0x0000000087d00000| Untracked |  0
|  60|0x0000000087e00000, 0x0000000087e00000, 0x0000000087f00000|  0%| F|  |TAMS 0x0000000087e00000| PB 0x0000000087e00000| Untracked |  0
|  61|0x0000000087f00000, 0x0000000087f00000, 0x0000000088000000|  0%| F|  |TAMS 0x0000000087f00000| PB 0x0000000087f00000| Untracked |  0
|  62|0x0000000088000000, 0x0000000088000000, 0x0000000088100000|  0%| F|  |TAMS 0x0000000088000000| PB 0x0000000088000000| Untracked |  0
|  63|0x0000000088100000, 0x0000000088100000, 0x0000000088200000|  0%| F|  |TAMS 0x0000000088100000| PB 0x0000000088100000| Untracked |  0
|  64|0x0000000088200000, 0x0000000088200000, 0x0000000088300000|  0%| F|  |TAMS 0x0000000088200000| PB 0x0000000088200000| Untracked |  0
|  65|0x0000000088300000, 0x0000000088300000, 0x0000000088400000|  0%| F|  |TAMS 0x0000000088300000| PB 0x0000000088300000| Untracked |  0
|  66|0x0000000088400000, 0x0000000088400000, 0x0000000088500000|  0%| F|  |TAMS 0x0000000088400000| PB 0x0000000088400000| Untracked |  0
|  67|0x0000000088500000, 0x0000000088500000, 0x0000000088600000|  0%| F|  |TAMS 0x0000000088500000| PB 0x0000000088500000| Untracked |  0
|  68|0x0000000088600000, 0x0000000088600000, 0x0000000088700000|  0%| F|  |TAMS 0x0000000088600000| PB 0x0000000088600000| Untracked |  0
|  69|0x0000000088700000, 0x0000000088700000, 0x0000000088800000|  0%| F|  |TAMS 0x0000000088700000| PB 0x0000000088700000| Untracked |  0
|  70|0x0000000088800000, 0x0000000088800000, 0x0000000088900000|  0%| F|  |TAMS 0x0000000088800000| PB 0x0000000088800000| Untracked |  0
|  71|0x0000000088900000, 0x0000000088900000, 0x0000000088a00000|  0%| F|  |TAMS 0x0000000088900000| PB 0x0000000088900000| Untracked |  0
|  72|0x0000000088a00000, 0x0000000088a00000, 0x0000000088b00000|  0%| F|  |TAMS 0x0000000088a00000| PB 0x0000000088a00000| Untracked |  0
|  73|0x0000000088b00000, 0x0000000088b00000, 0x0000000088c00000|  0%| F|  |TAMS 0x0000000088b00000| PB 0x0000000088b00000| Untracked |  0
|  74|0x0000000088c00000, 0x0000000088c00000, 0x0000000088d00000|  0%| F|  |TAMS 0x0000000088c00000| PB 0x0000000088c00000| Untracked |  0
|  75|0x0000000088d00000, 0x0000000088d00000, 0x0000000088e00000|  0%| F|  |TAMS 0x0000000088d00000| PB 0x0000000088d00000| Untracked |  0
|  76|0x0000000088e00000, 0x0000000088e00000, 0x0000000088f00000|  0%| F|  |TAMS 0x0000000088e00000| PB 0x0000000088e00000| Untracked |  0
|  77|0x0000000088f00000, 0x0000000088f00000, 0x0000000089000000|  0%| F|  |TAMS 0x0000000088f00000| PB 0x0000000088f00000| Untracked |  0
|  78|0x0000000089000000, 0x0000000089000000, 0x0000000089100000|  0%| F|  |TAMS 0x0000000089000000| PB 0x0000000089000000| Untracked |  0
|  79|0x0000000089100000, 0x0000000089100000, 0x0000000089200000|  0%| F|  |TAMS 0x0000000089100000| PB 0x0000000089100000| Untracked |  0
|  80|0x0000000089200000, 0x0000000089200000, 0x0000000089300000|  0%| F|  |TAMS 0x0000000089200000| PB 0x0000000089200000| Untracked |  0
|  81|0x0000000089300000, 0x0000000089300000, 0x0000000089400000|  0%| F|  |TAMS 0x0000000089300000| PB 0x0000000089300000| Untracked |  0
|  82|0x0000000089400000, 0x0000000089400000, 0x0000000089500000|  0%| F|  |TAMS 0x0000000089400000| PB 0x0000000089400000| Untracked |  0
|  83|0x0000000089500000, 0x0000000089500000, 0x0000000089600000|  0%| F|  |TAMS 0x0000000089500000| PB 0x0000000089500000| Untracked |  0
|  84|0x0000000089600000, 0x0000000089600000, 0x0000000089700000|  0%| F|  |TAMS 0x0000000089600000| PB 0x0000000089600000| Untracked |  0
|  85|0x0000000089700000, 0x0000000089700000, 0x0000000089800000|  0%| F|  |TAMS 0x0000000089700000| PB 0x0000000089700000| Untracked |  0
|  86|0x0000000089800000, 0x0000000089800000, 0x0000000089900000|  0%| F|  |TAMS 0x0000000089800000| PB 0x0000000089800000| Untracked |  0
|  87|0x0000000089900000, 0x0000000089900000, 0x0000000089a00000|  0%| F|  |TAMS 0x0000000089900000| PB 0x0000000089900000| Untracked |  0
|  88|0x0000000089a00000, 0x0000000089a00000, 0x0000000089b00000|  0%| F|  |TAMS 0x0000000089a00000| PB 0x0000000089a00000| Untracked |  0
|  89|0x0000000089b00000, 0x0000000089b00000, 0x0000000089c00000|  0%| F|  |TAMS 0x0000000089b00000| PB 0x0000000089b00000| Untracked |  0
|  90|0x0000000089c00000, 0x0000000089c00000, 0x0000000089d00000|  0%| F|  |TAMS 0x0000000089c00000| PB 0x0000000089c00000| Untracked |  0
|  91|0x0000000089d00000, 0x0000000089d00000, 0x0000000089e00000|  0%| F|  |TAMS 0x0000000089d00000| PB 0x0000000089d00000| Untracked |  0
|  92|0x0000000089e00000, 0x0000000089e00000, 0x0000000089f00000|  0%| F|  |TAMS 0x0000000089e00000| PB 0x0000000089e00000| Untracked |  0
|  93|0x0000000089f00000, 0x0000000089f00000, 0x000000008a000000|  0%| F|  |TAMS 0x0000000089f00000| PB 0x0000000089f00000| Untracked |  0
|  94|0x000000008a000000, 0x000000008a000000, 0x000000008a100000|  0%| F|  |TAMS 0x000000008a000000| PB 0x000000008a000000| Untracked |  0
|  95|0x000000008a100000, 0x000000008a100000, 0x000000008a200000|  0%| F|  |TAMS 0x000000008a100000| PB 0x000000008a100000| Untracked |  0
|  96|0x000000008a200000, 0x000000008a200000, 0x000000008a300000|  0%| F|  |TAMS 0x000000008a200000| PB 0x000000008a200000| Untracked |  0
|  97|0x000000008a300000, 0x000000008a300000, 0x000000008a400000|  0%| F|  |TAMS 0x000000008a300000| PB 0x000000008a300000| Untracked |  0
|  98|0x000000008a400000, 0x000000008a400000, 0x000000008a500000|  0%| F|  |TAMS 0x000000008a400000| PB 0x000000008a400000| Untracked |  0
|  99|0x000000008a500000, 0x000000008a500000, 0x000000008a600000|  0%| F|  |TAMS 0x000000008a500000| PB 0x000000008a500000| Untracked |  0
| 100|0x000000008a600000, 0x000000008a600000, 0x000000008a700000|  0%| F|  |TAMS 0x000000008a600000| PB 0x000000008a600000| Untracked |  0
| 101|0x000000008a700000, 0x000000008a700000, 0x000000008a800000|  0%| F|  |TAMS 0x000000008a700000| PB 0x000000008a700000| Untracked |  0
| 102|0x000000008a800000, 0x000000008a800000, 0x000000008a900000|  0%| F|  |TAMS 0x000000008a800000| PB 0x000000008a800000| Untracked |  0
| 103|0x000000008a900000, 0x000000008a900000, 0x000000008aa00000|  0%| F|  |TAMS 0x000000008a900000| PB 0x000000008a900000| Untracked |  0
| 104|0x000000008aa00000, 0x000000008aa00000, 0x000000008ab00000|  0%| F|  |TAMS 0x000000008aa00000| PB 0x000000008aa00000| Untracked |  0
| 105|0x000000008ab00000, 0x000000008ab00000, 0x000000008ac00000|  0%| F|  |TAMS 0x000000008ab00000| PB 0x000000008ab00000| Untracked |  0
| 106|0x000000008ac00000, 0x000000008ac00000, 0x000000008ad00000|  0%| F|  |TAMS 0x000000008ac00000| PB 0x000000008ac00000| Untracked |  0
| 107|0x000000008ad00000, 0x000000008ad00000, 0x000000008ae00000|  0%| F|  |TAMS 0x000000008ad00000| PB 0x000000008ad00000| Untracked |  0
| 108|0x000000008ae00000, 0x000000008af00000, 0x000000008af00000|100%| S|CS|TAMS 0x000000008ae00000| PB 0x000000008ae00000| Complete |  0
| 109|0x000000008af00000, 0x000000008b000000, 0x000000008b000000|100%| S|CS|TAMS 0x000000008af00000| PB 0x000000008af00000| Complete |  0
| 110|0x000000008b000000, 0x000000008b050af0, 0x000000008b100000| 31%| E|  |TAMS 0x000000008b000000| PB 0x000000008b000000| Complete |  0
| 111|0x000000008b100000, 0x000000008b200000, 0x000000008b200000|100%| E|CS|TAMS 0x000000008b100000| PB 0x000000008b100000| Complete |  0
| 112|0x000000008b200000, 0x000000008b300000, 0x000000008b300000|100%| E|CS|TAMS 0x000000008b200000| PB 0x000000008b200000| Complete |  0
| 113|0x000000008b300000, 0x000000008b400000, 0x000000008b400000|100%| E|CS|TAMS 0x000000008b300000| PB 0x000000008b300000| Complete |  0
| 114|0x000000008b400000, 0x000000008b500000, 0x000000008b500000|100%| E|CS|TAMS 0x000000008b400000| PB 0x000000008b400000| Complete |  0
| 115|0x000000008b500000, 0x000000008b600000, 0x000000008b600000|100%| E|CS|TAMS 0x000000008b500000| PB 0x000000008b500000| Complete |  0
| 116|0x000000008b600000, 0x000000008b700000, 0x000000008b700000|100%| E|CS|TAMS 0x000000008b600000| PB 0x000000008b600000| Complete |  0
| 117|0x000000008b700000, 0x000000008b800000, 0x000000008b800000|100%| E|CS|TAMS 0x000000008b700000| PB 0x000000008b700000| Complete |  0
| 118|0x000000008b800000, 0x000000008b900000, 0x000000008b900000|100%| E|CS|TAMS 0x000000008b800000| PB 0x000000008b800000| Complete |  0
| 119|0x000000008b900000, 0x000000008ba00000, 0x000000008ba00000|100%| E|CS|TAMS 0x000000008b900000| PB 0x000000008b900000| Complete |  0
| 120|0x000000008ba00000, 0x000000008bb00000, 0x000000008bb00000|100%| E|CS|TAMS 0x000000008ba00000| PB 0x000000008ba00000| Complete |  0
| 121|0x000000008bb00000, 0x000000008bc00000, 0x000000008bc00000|100%| E|CS|TAMS 0x000000008bb00000| PB 0x000000008bb00000| Complete |  0
| 122|0x000000008bc00000, 0x000000008bd00000, 0x000000008bd00000|100%| E|CS|TAMS 0x000000008bc00000| PB 0x000000008bc00000| Complete |  0
| 123|0x000000008bd00000, 0x000000008be00000, 0x000000008be00000|100%| E|CS|TAMS 0x000000008bd00000| PB 0x000000008bd00000| Complete |  0

Card table byte_map: [0x000001ef53b30000,0x000001ef53f10000] _byte_map_base: 0x000001ef5370f000

Marking Bits: (CMBitMap*) 0x000001ef3c46b170
 Bits: [0x000001ef53f10000, 0x000001ef55e08000)

Polling page: 0x000001ef3a770000

Metaspace:

Usage:
  Non-class:      9.41 MB used.
      Class:      1.30 MB used.
       Both:     10.71 MB used.

Virtual space:
  Non-class space:       64.00 MB reserved,       9.62 MB ( 15%) committed,  1 nodes.
      Class space:        1.00 GB reserved,       1.44 MB ( <1%) committed,  1 nodes.
             Both:        1.06 GB reserved,      11.06 MB (  1%) committed. 

Chunk freelists:
   Non-Class:  5.84 MB
       Class:  14.45 MB
        Both:  20.30 MB

MaxMetaspaceSize: unlimited
CompressedClassSpaceSize: 1.00 GB
Initial GC threshold: 21.00 MB
Current GC threshold: 21.00 MB
CDS: on
 - commit_granule_bytes: 65536.
 - commit_granule_words: 8192.
 - virtual_space_node_default_size: 8388608.
 - enlarge_chunks_in_place: 1.
 - use_allocation_guard: 0.


Internal statistics:

num_allocs_failed_limit: 0.
num_arena_births: 316.
num_arena_deaths: 0.
num_vsnodes_births: 2.
num_vsnodes_deaths: 0.
num_space_committed: 177.
num_space_uncommitted: 0.
num_chunks_returned_to_freelist: 0.
num_chunks_taken_from_freelist: 561.
num_chunk_merges: 0.
num_chunk_splits: 326.
num_chunks_enlarged: 175.
num_inconsistent_stats: 0.

CodeHeap 'non-profiled nmethods': size=120000Kb used=519Kb max_used=519Kb free=119480Kb
 bounds [0x000001ef4c220000, 0x000001ef4c490000, 0x000001ef53750000]
CodeHeap 'profiled nmethods': size=120000Kb used=3210Kb max_used=3210Kb free=116790Kb
 bounds [0x000001ef44750000, 0x000001ef44a80000, 0x000001ef4bc80000]
CodeHeap 'non-nmethods': size=5760Kb used=1614Kb max_used=1614Kb free=4145Kb
 bounds [0x000001ef4bc80000, 0x000001ef4bef0000, 0x000001ef4c220000]
 total_blobs=2250 nmethods=1709 adapters=446
 compilation: enabled
              stopped_count=0, restarted_count=0
 full_count=0

Compilation events (20 events):
Event: 20.520 Thread 0x000001ef583294d0 nmethod 1652 0x000001ef4c29f190 code [0x000001ef4c29f320, 0x000001ef4c29f3f0]
Event: 43.439 Thread 0x000001ef583294d0 1653       3       java.nio.HeapByteBuffer::get (14 bytes)
Event: 43.441 Thread 0x000001ef583294d0 nmethod 1653 0x000001ef44a4ac10 code [0x000001ef44a4ade0, 0x000001ef44a4b120]
Event: 43.441 Thread 0x000001ef583294d0 1654       3       java.util.HashSet::contains (9 bytes)
Event: 43.441 Thread 0x000001ef583294d0 nmethod 1654 0x000001ef44a4b290 code [0x000001ef44a4b440, 0x000001ef44a4b618]
Event: 43.482 Thread 0x000001ef583249b0 1659       4       java.lang.invoke.MethodTypeForm::canonicalize (74 bytes)
Event: 43.488 Thread 0x000001ef583294d0 1662       3       java.lang.invoke.LambdaFormEditor::getInCache (165 bytes)
Event: 43.491 Thread 0x000001ef583294d0 nmethod 1662 0x000001ef44a4b710 code [0x000001ef44a4b980, 0x000001ef44a4c708]
Event: 43.491 Thread 0x000001ef583294d0 1660       3       java.lang.invoke.LambdaFormEditor$TransformKey::inRange (36 bytes)
Event: 43.491 Thread 0x000001ef583294d0 nmethod 1660 0x000001ef44a4ca90 code [0x000001ef44a4cc20, 0x000001ef44a4cd70]
Event: 43.491 Thread 0x000001ef583294d0 1661       3       java.lang.invoke.LambdaFormEditor$TransformKey::<init> (15 bytes)
Event: 43.491 Thread 0x000001ef583294d0 nmethod 1661 0x000001ef44a4ce10 code [0x000001ef44a4cfa0, 0x000001ef44a4d138]
Event: 43.491 Thread 0x000001ef583294d0 1663       3       java.lang.Module::canRead (86 bytes)
Event: 43.493 Thread 0x000001ef583294d0 nmethod 1663 0x000001ef44a4d210 code [0x000001ef44a4d5e0, 0x000001ef44a4f018]
Event: 43.494 Thread 0x000001ef583249b0 nmethod 1659 0x000001ef4c2a0390 code [0x000001ef4c2a0520, 0x000001ef4c2a05f8]
Event: 43.494 Thread 0x000001ef583249b0 1665       4       jdk.internal.org.objectweb.asm.ByteVector::put12 (64 bytes)
Event: 43.498 Thread 0x000001ef583294d0 1666       3       jdk.internal.org.objectweb.asm.MethodVisitor::visitFieldInsn (20 bytes)
Event: 43.498 Thread 0x000001ef583294d0 nmethod 1666 0x000001ef44a4f710 code [0x000001ef44a4f8c0, 0x000001ef44a4fac8]
Event: 43.498 Thread 0x000001ef583249b0 nmethod 1665 0x000001ef4c2a0710 code [0x000001ef4c2a08a0, 0x000001ef4c2a0a90]
Event: 43.507 Thread 0x000001ef583249b0 1667 % !   4       java.util.concurrent.ConcurrentHashMap::transfer @ 96 (849 bytes)

GC Heap History (2 events):
Event: 15.775 GC heap before
{Heap before GC invocations=0 (full 0):
 garbage-first heap   total reserved 2029568K, committed 126976K, used 14336K [0x0000000084200000, 0x0000000100000000)
  region size 1024K, 14 young (14336K), 0 survivors (0K)
 Metaspace       used 5371K, committed 5568K, reserved 1114112K
  class space    used 600K, committed 704K, reserved 1048576K
}
Event: 15.787 GC heap after
{Heap after GC invocations=1 (full 0):
 garbage-first heap   total reserved 2029568K, committed 126976K, used 6528K [0x0000000084200000, 0x0000000100000000)
  region size 1024K, 2 young (2048K), 2 survivors (2048K)
 Metaspace       used 5371K, committed 5568K, reserved 1114112K
  class space    used 600K, committed 704K, reserved 1048576K
}

Dll operation events (11 events):
Event: 0.691 Loaded shared library C:\Users\11024ss\.jdks\openjdk-22.0.2\bin\java.dll
Event: 0.943 Loaded shared library C:\Users\11024ss\.jdks\openjdk-22.0.2\bin\jsvml.dll
Event: 1.078 Loaded shared library C:\Users\11024ss\.jdks\openjdk-22.0.2\bin\zip.dll
Event: 1.087 Loaded shared library C:\Users\11024ss\.jdks\openjdk-22.0.2\bin\instrument.dll
Event: 1.125 Loaded shared library C:\Users\11024ss\.jdks\openjdk-22.0.2\bin\net.dll
Event: 1.193 Loaded shared library C:\Users\11024ss\.jdks\openjdk-22.0.2\bin\nio.dll
Event: 1.287 Loaded shared library C:\Users\11024ss\.jdks\openjdk-22.0.2\bin\zip.dll
Event: 14.526 Loaded shared library C:\Users\11024ss\AppData\Local\JetBrains\IntelliJ IDEA Community Edition 2024.1.4\bin\breakgen64.dll
Event: 14.581 Loaded shared library C:\Users\11024ss\.jdks\openjdk-22.0.2\bin\extnet.dll
Event: 14.788 Loaded shared library C:\Users\11024ss\.jdks\openjdk-22.0.2\bin\jimage.dll
Event: 16.380 Loaded shared library C:\Users\11024ss\.jdks\openjdk-22.0.2\bin\sunmscapi.dll

Deoptimization events (20 events):
Event: 15.849 Thread 0x000001ef3a14dc60 DEOPT PACKING pc=0x000001ef4491260b sp=0x0000001c6b5fcf50
Event: 15.849 Thread 0x000001ef3a14dc60 DEOPT UNPACKING pc=0x000001ef4bcd88e2 sp=0x0000001c6b5fc3c8 mode 0
Event: 16.409 Thread 0x000001ef3a14dc60 Uncommon trap: trap_request=0xffffff45 fr.pc=0x000001ef4c26c168 relative=0x0000000000000248
Event: 16.409 Thread 0x000001ef3a14dc60 Uncommon trap: reason=unstable_if action=reinterpret pc=0x000001ef4c26c168 method=java.util.HashMap.putVal(ILjava/lang/Object;Ljava/lang/Object;ZZ)Ljava/lang/Object; @ 162 c2
Event: 16.409 Thread 0x000001ef3a14dc60 DEOPT PACKING pc=0x000001ef4c26c168 sp=0x0000001c6b5fc440
Event: 16.409 Thread 0x000001ef3a14dc60 DEOPT UNPACKING pc=0x000001ef4bcd7da2 sp=0x0000001c6b5fc388 mode 2
Event: 16.679 Thread 0x000001ef3a14dc60 Uncommon trap: trap_request=0xffffffde fr.pc=0x000001ef4c24c6e4 relative=0x0000000000000304
Event: 16.679 Thread 0x000001ef3a14dc60 Uncommon trap: reason=class_check action=maybe_recompile pc=0x000001ef4c24c6e4 method=java.util.regex.Pattern$BmpCharPropertyGreedy.match(Ljava/util/regex/Matcher;ILjava/lang/CharSequence;)Z @ 26 c2
Event: 16.679 Thread 0x000001ef3a14dc60 DEOPT PACKING pc=0x000001ef4c24c6e4 sp=0x0000001c6b5fdef0
Event: 16.679 Thread 0x000001ef3a14dc60 DEOPT UNPACKING pc=0x000001ef4bcd7da2 sp=0x0000001c6b5fdea8 mode 2
Event: 16.679 Thread 0x000001ef3a14dc60 Uncommon trap: trap_request=0xffffffde fr.pc=0x000001ef4c24c6e4 relative=0x0000000000000304
Event: 16.679 Thread 0x000001ef3a14dc60 Uncommon trap: reason=class_check action=maybe_recompile pc=0x000001ef4c24c6e4 method=java.util.regex.Pattern$BmpCharPropertyGreedy.match(Ljava/util/regex/Matcher;ILjava/lang/CharSequence;)Z @ 26 c2
Event: 16.679 Thread 0x000001ef3a14dc60 DEOPT PACKING pc=0x000001ef4c24c6e4 sp=0x0000001c6b5fdef0
Event: 16.679 Thread 0x000001ef3a14dc60 DEOPT UNPACKING pc=0x000001ef4bcd7da2 sp=0x0000001c6b5fdea8 mode 2
Event: 16.841 Thread 0x000001ef9e849ee0 Uncommon trap: trap_request=0xffffffde fr.pc=0x000001ef4c24c6e4 relative=0x0000000000000304
Event: 16.841 Thread 0x000001ef9e849ee0 Uncommon trap: reason=class_check action=maybe_recompile pc=0x000001ef4c24c6e4 method=java.util.regex.Pattern$BmpCharPropertyGreedy.match(Ljava/util/regex/Matcher;ILjava/lang/CharSequence;)Z @ 26 c2
Event: 16.841 Thread 0x000001ef9e849ee0 DEOPT PACKING pc=0x000001ef4c24c6e4 sp=0x0000001c6d0fe910
Event: 16.841 Thread 0x000001ef9e849ee0 DEOPT UNPACKING pc=0x000001ef4bcd7da2 sp=0x0000001c6d0fe8a8 mode 2
Event: 17.289 Thread 0x000001ef3a14dc60 DEOPT PACKING pc=0x000001ef447cb377 sp=0x0000001c6b5fde60
Event: 17.289 Thread 0x000001ef3a14dc60 DEOPT UNPACKING pc=0x000001ef4bcd88e2 sp=0x0000001c6b5fd2d0 mode 0

Classes loaded (20 events):
Event: 43.465 Loading class java/util/stream/ReferencePipeline$5
Event: 43.470 Loading class java/util/stream/LongPipeline$StatelessOp
Event: 43.471 Loading class java/util/stream/LongPipeline
Event: 43.471 Loading class java/util/stream/LongStream
Event: 43.472 Loading class java/util/stream/LongStream done
Event: 43.473 Loading class java/util/stream/LongPipeline done
Event: 43.473 Loading class java/util/stream/LongPipeline$StatelessOp done
Event: 43.473 Loading class java/util/stream/ReferencePipeline$5 done
Event: 43.473 Loading class java/util/stream/FindOps$FindSink$OfLong
Event: 43.473 Loading class java/util/stream/Sink$OfLong
Event: 43.473 Loading class java/util/stream/Sink$OfLong done
Event: 43.474 Loading class java/util/stream/FindOps$FindSink$OfLong done
Event: 43.474 Loading class java/util/OptionalLong
Event: 43.474 Loading class java/util/OptionalLong done
Event: 43.477 Loading class java/util/stream/ReferencePipeline$5$1
Event: 43.477 Loading class java/util/stream/ReferencePipeline$5$1 done
Event: 43.478 Loading class java/lang/invoke/VarHandleBytes$FieldInstanceReadWrite
Event: 43.478 Loading class java/lang/invoke/VarHandleBytes$FieldInstanceReadOnly
Event: 43.479 Loading class java/lang/invoke/VarHandleBytes$FieldInstanceReadOnly done
Event: 43.479 Loading class java/lang/invoke/VarHandleBytes$FieldInstanceReadWrite done

Classes unloaded (0 events):
No events

Classes redefined (0 events):
No events

Internal exceptions (20 events):
Event: 16.758 Thread 0x000001ef3a14dc60 Exception <a 'java/lang/NoSuchMethodError'{0x000000008b656c30}: 'java.lang.Object java.lang.invoke.DirectMethodHandle$Holder.invokeStatic(java.lang.Object, long, java.lang.Object)'> (0x000000008b656c30) 
thrown [s\open\src\hotspot\share\interpreter\linkResolver.cpp, line 774]
Event: 16.758 Thread 0x000001ef3a14dc60 Exception <a 'java/lang/NoSuchMethodError'{0x000000008b65a3e8}: 'java.lang.Object java.lang.invoke.DirectMethodHandle$Holder.invokeStaticInit(java.lang.Object, long, java.lang.Object)'> (0x000000008b65a3e8) 
thrown [s\open\src\hotspot\share\interpreter\linkResolver.cpp, line 774]
Event: 16.857 Thread 0x000001ef9e849ee0 Exception <a 'java/net/ConnectException'{0x000000008b6a5a88}: Connection refused: getsockopt> (0x000000008b6a5a88) 
thrown [s\open\src\hotspot\share\prims\jni.cpp, line 539]
Event: 16.876 Thread 0x000001ef9e849ee0 Exception <a 'java/net/ConnectException'{0x000000008b6a6b80}: Connection refused: getsockopt> (0x000000008b6a6b80) 
thrown [s\open\src\hotspot\share\prims\jni.cpp, line 539]
Event: 16.908 Thread 0x000001ef9e849ee0 Exception <a 'java/net/ConnectException'{0x000000008b6a7aa0}: Connection refused: getsockopt> (0x000000008b6a7aa0) 
thrown [s\open\src\hotspot\share\prims\jni.cpp, line 539]
Event: 17.007 Thread 0x000001ef9e849ee0 Exception <a 'java/net/ConnectException'{0x000000008b6a89c0}: Connection refused: getsockopt> (0x000000008b6a89c0) 
thrown [s\open\src\hotspot\share\prims\jni.cpp, line 539]
Event: 17.114 Thread 0x000001ef9e849ee0 Exception <a 'java/net/ConnectException'{0x000000008b6a98e0}: Connection refused: getsockopt> (0x000000008b6a98e0) 
thrown [s\open\src\hotspot\share\prims\jni.cpp, line 539]
Event: 17.314 Thread 0x000001ef3a14dc60 Exception <a 'java/lang/NoSuchMethodError'{0x000000008b51e388}: 'double java.lang.invoke.DirectMethodHandle$Holder.invokeVirtual(java.lang.Object, java.lang.Object)'> (0x000000008b51e388) 
thrown [s\open\src\hotspot\share\interpreter\linkResolver.cpp, line 774]
Event: 17.314 Thread 0x000001ef3a14dc60 Exception <a 'java/lang/NoSuchMethodError'{0x000000008b524558}: 'float java.lang.invoke.DirectMethodHandle$Holder.invokeVirtual(java.lang.Object, java.lang.Object)'> (0x000000008b524558) 
thrown [s\open\src\hotspot\share\interpreter\linkResolver.cpp, line 774]
Event: 17.315 Thread 0x000001ef3a14dc60 Exception <a 'java/lang/NoSuchMethodError'{0x000000008b52c990}: 'long java.lang.invoke.DirectMethodHandle$Holder.invokeVirtual(java.lang.Object, java.lang.Object)'> (0x000000008b52c990) 
thrown [s\open\src\hotspot\share\interpreter\linkResolver.cpp, line 774]
Event: 17.325 Thread 0x000001ef3a14dc60 Exception <a 'java/lang/NoSuchMethodError'{0x000000008b557bd0}: 'java.lang.Object java.lang.invoke.DirectMethodHandle$Holder.invokeVirtual(java.lang.Object, java.lang.Object, java.lang.Object)'> (0x000000008b557bd0) 
thrown [s\open\src\hotspot\share\interpreter\linkResolver.cpp, line 774]
Event: 17.356 Thread 0x000001ef3a14dc60 Exception <a 'java/lang/NoSuchMethodError'{0x000000008b41b780}: 'java.lang.Object java.lang.invoke.DirectMethodHandle$Holder.newInvokeSpecial(java.lang.Object, java.lang.Object, int, int)'> (0x000000008b41b780) 
thrown [s\open\src\hotspot\share\interpreter\linkResolver.cpp, line 774]
Event: 17.357 Thread 0x000001ef3a14dc60 Exception <a 'java/lang/NoSuchMethodError'{0x000000008b425cb8}: 'void java.lang.invoke.DirectMethodHandle$Holder.invokeStatic(java.lang.Object, java.lang.Object, int)'> (0x000000008b425cb8) 
thrown [s\open\src\hotspot\share\interpreter\linkResolver.cpp, line 774]
Event: 17.387 Thread 0x000001ef3a14dc60 Exception <a 'java/lang/NoSuchMethodError'{0x000000008b4d4440}: 'java.lang.Object java.lang.invoke.DirectMethodHandle$Holder.newInvokeSpecial(java.lang.Object, java.lang.Object, java.lang.Object, java.lang.Object, java.lang.Object)'> (0x000000008b4d4440) 
thrown [s\open\src\hotspot\share\interpreter\linkResolver.cpp, line 774]
Event: 17.406 Thread 0x000001ef3a14dc60 Exception <a 'java/lang/NoSuchMethodError'{0x000000008b327430}: 'void java.lang.invoke.DirectMethodHandle$Holder.invokeStatic(java.lang.Object, java.lang.Object, java.lang.Object, java.lang.Object)'> (0x000000008b327430) 
thrown [s\open\src\hotspot\share\interpreter\linkResolver.cpp, line 774]
Event: 17.455 Thread 0x000001ef9e84ac00 Exception <a 'java/lang/NoSuchMethodError'{0x000000008b3dae28}: 'java.lang.Object java.lang.invoke.DirectMethodHandle$Holder.invokeSpecial(java.lang.Object, java.lang.Object, java.lang.Object, java.lang.Object, int)'> (0x000000008b3dae28) 
thrown [s\open\src\hotspot\share\interpreter\linkResolver.cpp, line 774]
Event: 17.455 Thread 0x000001ef9e84ac00 Exception <a 'java/lang/NoSuchMethodError'{0x000000008b3de9d8}: 'java.lang.Object java.lang.invoke.Invokers$Holder.linkToTargetMethod(java.lang.Object, java.lang.Object, int, java.lang.Object)'> (0x000000008b3de9d8) 
thrown [s\open\src\hotspot\share\interpreter\linkResolver.cpp, line 774]
Event: 17.471 Thread 0x000001ef9e84ac00 Exception <a 'java/lang/NoSuchMethodError'{0x000000008b3f6648}: 'void java.lang.invoke.DirectMethodHandle$Holder.invokeSpecial(java.lang.Object, java.lang.Object, java.lang.Object)'> (0x000000008b3f6648) 
thrown [s\open\src\hotspot\share\interpreter\linkResolver.cpp, line 774]
Event: 17.483 Thread 0x000001ef9e84ac00 Exception <a 'java/lang/NoSuchMethodError'{0x000000008b223378}: 'void java.lang.invoke.DirectMethodHandle$Holder.invokeSpecial(java.lang.Object, java.lang.Object, java.lang.Object, java.lang.Object, java.lang.Object)'> (0x000000008b223378) 
thrown [s\open\src\hotspot\share\interpreter\linkResolver.cpp, line 774]
Event: 43.494 Thread 0x000001ef9e84b290 Exception <a 'java/lang/NoSuchMethodError'{0x000000008b125600}: 'void java.lang.invoke.DirectMethodHandle$Holder.invokeSpecial(java.lang.Object, java.lang.Object, java.lang.Object, java.lang.Object, java.lang.Object, java.lang.Object, java.lang.Object)'> (0x000000008b125600) 
thrown [s\open\src\hotspot\share\interpreter\linkResolver.cpp, line 774]

ZGC Phase Switch (0 events):
No events

VM Operations (20 events):
Event: 15.395 Executing VM operation: HandshakeAllThreads (Deoptimize)
Event: 15.395 Executing VM operation: HandshakeAllThreads (Deoptimize) done
Event: 15.439 Executing VM operation: HandshakeAllThreads (Deoptimize)
Event: 15.439 Executing VM operation: HandshakeAllThreads (Deoptimize) done
Event: 15.507 Executing VM operation: HandshakeAllThreads (Deoptimize)
Event: 15.507 Executing VM operation: HandshakeAllThreads (Deoptimize) done
Event: 15.774 Executing VM operation: G1CollectForAllocation (G1 Evacuation Pause)
Event: 15.787 Executing VM operation: G1CollectForAllocation (G1 Evacuation Pause) done
Event: 16.763 Executing VM operation: HandshakeAllThreads (Deoptimize)
Event: 16.783 Executing VM operation: HandshakeAllThreads (Deoptimize) done
Event: 17.287 Executing VM operation: HandshakeAllThreads (Deoptimize)
Event: 17.288 Executing VM operation: HandshakeAllThreads (Deoptimize) done
Event: 17.288 Executing VM operation: Cleanup
Event: 17.288 Executing VM operation: Cleanup done
Event: 18.288 Executing VM operation: Cleanup
Event: 18.289 Executing VM operation: Cleanup done
Event: 43.433 Executing VM operation: HandshakeAllThreads (Deoptimize)
Event: 43.434 Executing VM operation: HandshakeAllThreads (Deoptimize) done
Event: 43.453 Executing VM operation: HandshakeAllThreads (Deoptimize)
Event: 43.453 Executing VM operation: HandshakeAllThreads (Deoptimize) done

Memory protections (0 events):
No events

Nmethod flushes (0 events):
No events

Events (20 events):
Event: 0.908 Thread 0x000001ef3a14dc60 Thread added: 0x000001ef58301f60
Event: 0.908 Thread 0x000001ef3a14dc60 Thread added: 0x000001ef583249b0
Event: 0.909 Thread 0x000001ef3a14dc60 Thread added: 0x000001ef583294d0
Event: 1.032 Thread 0x000001ef3a14dc60 Thread added: 0x000001ef582bc600
Event: 14.529 Thread 0x000001ef3a14dc60 Thread added: 0x000001ef9e0c3940
Event: 14.529 Thread 0x000001ef3a14dc60 Thread added: 0x000001ef9e0c3fb0
Event: 15.242 Thread 0x000001ef3a14dc60 Thread added: 0x000001ef9e09af20
Event: 16.633 Thread 0x000001ef3a14dc60 Thread added: 0x000001ef9e7433d0
Event: 16.760 Thread 0x000001ef3a14dc60 Thread added: 0x000001ef9e7554d0
Event: 16.785 Thread 0x000001ef3a14dc60 Thread added: 0x000001ef9e872020
Event: 16.786 Thread 0x000001ef3a14dc60 Thread added: 0x000001ef9e872690
Event: 16.816 Thread 0x000001ef9e872020 Thread added: 0x000001ef9e849ee0
Event: 17.287 Thread 0x000001ef9e849ee0 Thread added: 0x000001ef9e84a570
Event: 17.406 Thread 0x000001ef3a14dc60 Thread added: 0x000001ef9e84ac00
Event: 17.410 Thread 0x000001ef3a14dc60 Thread added: 0x000001ef9e84b920
Event: 17.496 Thread 0x000001ef9e7433d0 Thread added: 0x000001ef9e84b290
Event: 17.501 Thread 0x000001ef9e7433d0 Thread added: 0x000001ef9e84bfb0
Event: 17.504 Thread 0x000001ef9e7433d0 Thread added: 0x000001ef9e84c640
Event: 27.320 Thread 0x000001ef9e84a570 Thread exited: 0x000001ef9e84a570
Event: 35.262 Thread 0x000001ef9e09af20 Thread exited: 0x000001ef9e09af20


Dynamic libraries:
0x00007ff7dc9b0000 - 0x00007ff7dc9be000 	C:\Users\11024ss\.jdks\openjdk-22.0.2\bin\java.exe
0x00007ffbc5960000 - 0x00007ffbc5bc7000 	C:\WINDOWS\SYSTEM32\ntdll.dll
0x00007ffbc4e80000 - 0x00007ffbc4f49000 	C:\WINDOWS\System32\KERNEL32.DLL
0x00007ffbc3300000 - 0x00007ffbc36ef000 	C:\WINDOWS\System32\KERNELBASE.dll
0x00007ffbc2fc0000 - 0x00007ffbc310b000 	C:\WINDOWS\System32\ucrtbase.dll
0x00007ffba91e0000 - 0x00007ffba91f7000 	C:\Users\11024ss\.jdks\openjdk-22.0.2\bin\jli.dll
0x00007ffbc3c00000 - 0x00007ffbc3dc5000 	C:\WINDOWS\System32\USER32.dll
0x00007ffbc2cb0000 - 0x00007ffbc2cd7000 	C:\WINDOWS\System32\win32u.dll
0x00007ffbc3e00000 - 0x00007ffbc3e2b000 	C:\WINDOWS\System32\GDI32.dll
0x00007ffbc31d0000 - 0x00007ffbc32fc000 	C:\WINDOWS\System32\gdi32full.dll
0x00007ffbc2ce0000 - 0x00007ffbc2d83000 	C:\WINDOWS\System32\msvcp_win.dll
0x00007ffba91c0000 - 0x00007ffba91db000 	C:\Users\11024ss\.jdks\openjdk-22.0.2\bin\VCRUNTIME140.dll
0x00007ffbacbf0000 - 0x00007ffbace83000 	C:\WINDOWS\WinSxS\amd64_microsoft.windows.common-controls_6595b64144ccf1df_6.0.26100.7309_none_3e05feeae336a044\COMCTL32.dll
0x00007ffbc5770000 - 0x00007ffbc5819000 	C:\WINDOWS\System32\msvcrt.dll
0x00007ffbc5630000 - 0x00007ffbc5661000 	C:\WINDOWS\System32\IMM32.DLL
0x00007ffb8dde0000 - 0x00007ffb8ddec000 	C:\Users\11024ss\.jdks\openjdk-22.0.2\bin\vcruntime140_1.dll
0x00007ffb6ea00000 - 0x00007ffb6ea8e000 	C:\Users\11024ss\.jdks\openjdk-22.0.2\bin\msvcp140.dll
0x00007ffb5e6d0000 - 0x00007ffb5f419000 	C:\Users\11024ss\.jdks\openjdk-22.0.2\bin\server\jvm.dll
0x00007ffbc3760000 - 0x00007ffbc3814000 	C:\WINDOWS\System32\ADVAPI32.dll
0x00007ffbc4940000 - 0x00007ffbc49e6000 	C:\WINDOWS\System32\sechost.dll
0x00007ffbc3e30000 - 0x00007ffbc3f48000 	C:\WINDOWS\System32\RPCRT4.dll
0x00007ffbc3b80000 - 0x00007ffbc3bf4000 	C:\WINDOWS\System32\WS2_32.dll
0x00007ffbb5b50000 - 0x00007ffbb5b85000 	C:\WINDOWS\SYSTEM32\WINMM.dll
0x00007ffbabbe0000 - 0x00007ffbabbeb000 	C:\WINDOWS\SYSTEM32\VERSION.dll
0x00007ffbc2910000 - 0x00007ffbc296e000 	C:\WINDOWS\SYSTEM32\POWRPROF.dll
0x00007ffbc28f0000 - 0x00007ffbc2904000 	C:\WINDOWS\SYSTEM32\UMPDC.dll
0x00007ffbc1730000 - 0x00007ffbc174b000 	C:\WINDOWS\SYSTEM32\kernel.appcore.dll
0x00007ffb8ddd0000 - 0x00007ffb8ddda000 	C:\Users\11024ss\.jdks\openjdk-22.0.2\bin\jimage.dll
0x00007ffbc0850000 - 0x00007ffbc0a92000 	C:\WINDOWS\SYSTEM32\DBGHELP.DLL
0x00007ffbc5100000 - 0x00007ffbc5486000 	C:\WINDOWS\System32\combase.dll
0x00007ffbc3930000 - 0x00007ffbc3a06000 	C:\WINDOWS\System32\OLEAUT32.dll
0x00007ffba6670000 - 0x00007ffba66ac000 	C:\WINDOWS\SYSTEM32\dbgcore.DLL
0x00007ffbc2d90000 - 0x00007ffbc2e35000 	C:\WINDOWS\System32\bcryptPrimitives.dll
0x00007ffbb8aa0000 - 0x00007ffbb8aaf000 	C:\Users\11024ss\.jdks\openjdk-22.0.2\bin\instrument.dll
0x00007ffb8dda0000 - 0x00007ffb8ddbe000 	C:\Users\11024ss\.jdks\openjdk-22.0.2\bin\java.dll
0x00007ffbc3fd0000 - 0x00007ffbc4723000 	C:\WINDOWS\System32\SHELL32.dll
0x00007ffbc2b40000 - 0x00007ffbc2caa000 	C:\WINDOWS\System32\wintypes.dll
0x00007ffbc5490000 - 0x00007ffbc5627000 	C:\WINDOWS\System32\ole32.dll
0x00007ffbbfef0000 - 0x00007ffbc074e000 	C:\WINDOWS\SYSTEM32\windows.storage.dll
0x00007ffbc3820000 - 0x00007ffbc3915000 	C:\WINDOWS\System32\SHCORE.dll
0x00007ffbc5670000 - 0x00007ffbc56d6000 	C:\WINDOWS\System32\shlwapi.dll
0x00007ffbc29d0000 - 0x00007ffbc29f9000 	C:\WINDOWS\SYSTEM32\profapi.dll
0x00007ffb6eb60000 - 0x00007ffb6ec37000 	C:\Users\11024ss\.jdks\openjdk-22.0.2\bin\jsvml.dll
0x00007ffb8dd70000 - 0x00007ffb8dd87000 	C:\Users\11024ss\.jdks\openjdk-22.0.2\bin\zip.dll
0x00007ffb8dd60000 - 0x00007ffb8dd70000 	C:\Users\11024ss\.jdks\openjdk-22.0.2\bin\net.dll
0x00007ffbc1dd0000 - 0x00007ffbc1e3b000 	C:\WINDOWS\system32\mswsock.dll
0x00007ffb8d980000 - 0x00007ffb8d996000 	C:\Users\11024ss\.jdks\openjdk-22.0.2\bin\nio.dll
0x00007ffbaeb30000 - 0x00007ffbaeb4a000 	C:\Users\11024ss\AppData\Local\JetBrains\IntelliJ IDEA Community Edition 2024.1.4\bin\breakgen64.dll
0x00007ffb8ddc0000 - 0x00007ffb8ddc9000 	C:\Users\11024ss\.jdks\openjdk-22.0.2\bin\extnet.dll
0x00007ffbc0f70000 - 0x00007ffbc109c000 	C:\WINDOWS\SYSTEM32\DNSAPI.dll
0x00007ffbc0f30000 - 0x00007ffbc0f64000 	C:\WINDOWS\SYSTEM32\IPHLPAPI.DLL
0x00007ffbc5010000 - 0x00007ffbc501a000 	C:\WINDOWS\System32\NSI.dll
0x00007ffbac540000 - 0x00007ffbac54b000 	C:\Windows\System32\rasadhlp.dll
0x00007ffbb9880000 - 0x00007ffbb9906000 	C:\WINDOWS\System32\fwpuclnt.dll
0x00007ffbc20a0000 - 0x00007ffbc20bb000 	C:\WINDOWS\SYSTEM32\CRYPTSP.dll
0x00007ffbc1690000 - 0x00007ffbc16ca000 	C:\WINDOWS\system32\rsaenh.dll
0x00007ffbc1e80000 - 0x00007ffbc1eab000 	C:\WINDOWS\SYSTEM32\USERENV.dll
0x00007ffbc29a0000 - 0x00007ffbc29ca000 	C:\WINDOWS\SYSTEM32\bcrypt.dll
0x00007ffbc2090000 - 0x00007ffbc209c000 	C:\WINDOWS\SYSTEM32\CRYPTBASE.dll
0x00007ffb8dcf0000 - 0x00007ffb8dcfe000 	C:\Users\11024ss\.jdks\openjdk-22.0.2\bin\sunmscapi.dll
0x00007ffbc2e40000 - 0x00007ffbc2fb7000 	C:\WINDOWS\System32\CRYPT32.dll
0x00007ffbc22b0000 - 0x00007ffbc22e0000 	C:\WINDOWS\SYSTEM32\ncrypt.dll
0x00007ffbc2260000 - 0x00007ffbc229f000 	C:\WINDOWS\SYSTEM32\NTASN1.dll
0x00007ffb87120000 - 0x00007ffb87128000 	C:\WINDOWS\system32\wshunix.dll

dbghelp: loaded successfully - version: 4.0.5 - missing functions: none
symbol engine: initialized successfully - sym options: 0x614 - pdb path: .;C:\Users\11024ss\.jdks\openjdk-22.0.2\bin;C:\WINDOWS\SYSTEM32;C:\WINDOWS\WinSxS\amd64_microsoft.windows.common-controls_6595b64144ccf1df_6.0.26100.7309_none_3e05feeae336a044;C:\Users\11024ss\.jdks\openjdk-22.0.2\bin\server;C:\Users\11024ss\AppData\Local\JetBrains\IntelliJ IDEA Community Edition 2024.1.4\bin

VM Arguments:
jvm_args: -javaagent:C:\Users\11024ss\AppData\Local\JetBrains\IntelliJ IDEA Community Edition 2024.1.4\lib\idea_rt.jar=49690:C:\Users\11024ss\AppData\Local\JetBrains\IntelliJ IDEA Community Edition 2024.1.4\bin -Dfile.encoding=UTF-8 -Dsun.stdout.encoding=UTF-8 -Dsun.stderr.encoding=UTF-8 
java_command: org.example.QRCD
java_class_path (initial): D:\Auto 123\B2B\QRCD\target\test-classes;D:\Auto 123\B2B\QRCD\target\classes;C:\Users\11024ss\.m2\repository\org\seleniumhq\selenium\selenium-java\4.27.0\selenium-java-4.27.0.jar;C:\Users\11024ss\.m2\repository\org\seleniumhq\selenium\selenium-api\4.27.0\selenium-api-4.27.0.jar;C:\Users\11024ss\.m2\repository\org\jspecify\jspecify\1.0.0\jspecify-1.0.0.jar;C:\Users\11024ss\.m2\repository\org\seleniumhq\selenium\selenium-chrome-driver\4.27.0\selenium-chrome-driver-4.27.0.jar;C:\Users\11024ss\.m2\repository\com\google\auto\service\auto-service-annotations\1.1.1\auto-service-annotations-1.1.1.jar;C:\Users\11024ss\.m2\repository\org\seleniumhq\selenium\selenium-chromium-driver\4.27.0\selenium-chromium-driver-4.27.0.jar;C:\Users\11024ss\.m2\repository\org\seleniumhq\selenium\selenium-json\4.27.0\selenium-json-4.27.0.jar;C:\Users\11024ss\.m2\repository\org\seleniumhq\selenium\selenium-manager\4.27.0\selenium-manager-4.27.0.jar;C:\Users\11024ss\.m2\repository\org\seleniumhq\selenium\selenium-devtools-v129\4.27.0\selenium-devtools-v129-4.27.0.jar;C:\Users\11024ss\.m2\repository\org\seleniumhq\selenium\selenium-devtools-v130\4.27.0\selenium-devtools-v130-4.27.0.jar;C:\Users\11024ss\.m2\repository\org\seleniumhq\selenium\selenium-devtools-v131\4.27.0\selenium-devtools-v131-4.27.0.jar;C:\Users\11024ss\.m2\repository\org\seleniumhq\selenium\selenium-devtools-v85\4.27.0\selenium-devtools-v85-4.27.0.jar;C:\Users\11024ss\.m2\repository\org\seleniumhq\selenium\selenium-edge-driver\4.27.0\selenium-edge-driver-4.27.0.jar;C:\Users\11024ss\.m2\repository\org\seleniumhq\selenium\selenium-firefox-driver\4.27.0\selenium-firefox-driver-4.27.0.jar;C:\Users\11024ss\.m2\repository\org\seleniumhq\selenium\selenium-http\4.27.0\selenium-http-4.27.0.jar;C:\Users\11024ss\.m2\repository\dev\failsafe\failsafe\3.3.2\failsafe-3.3.2.jar;C:\Users\11024ss\.m2\repository\org\seleniumhq\selenium\selenium-ie-driver\4.27.0\selenium-ie-driver-4.27.0.jar;C:\Users\11024ss\.m2\repository\org\seleniumhq\selenium\selenium-remote-driver\4.27.0\selenium-remote-driver-4.27.0.jar;C:\Users\11024ss\.m2\repository\com\google\guava\guava\33.3.1-jre\guava-33.3.1-jre.jar;C:\Users\11024ss\.m2\repository\com\google\guava\failureaccess\1.0.2\failureaccess-1.0.2.jar;C:\Users\11024ss\.m2\repository\com\google\guava\listenablefuture\9999.0-empty-to-avoid-conflict-with-guava\listenablefuture-9999.0-empty-to-avoid-conflict-with-guava.jar;C:\Users\11024ss\.m2\repository\com\google\code\findbugs\jsr305\3.0.2\jsr305-3.0.2.jar;C:\Users\11024ss\.m2\repository\org\checkerframework\checker-qual\3.43.0\checker-qual-3.43.0.jar;C:\Users\11024ss\.m2\repository\com\google\errorprone\error_prone_annotations\2.28.0\error_prone_annotations-2.28.0.jar;C:\Users\11024ss\.m2\repository\com\google\j2objc\j2objc-annotations\3.0.0\j2objc-annotations-3.0.0.jar;C:\Users\11024ss\.m2\repository\io\opentelemetry\semconv\opentelemetry-semconv\1.25.0-alpha\opentelemetry-semconv-1.25.0-alpha.jar;C:\Users\11024ss\.m2\repository\io\opentelemetry\opentelemetry-api\1.44.1\opentelemetry-api-1.44.1.jar;C:\Users\11024ss\.m2\repository\io\opentelemetry\opentelemetry-context\1.44.1\opentelemetry-context-1.44.1.jar;C:\Users\11024ss\.m2\repository\io\opentelemetry\opentelemetry-exporter-logging\1.44.1\opentelemetry-exporter-logging-1.44.1.jar;C:\Users\11024ss\.m2\repository\io\opentelemetry\opentelemetry-sdk-common\1.44.1\opentelemetry-sdk-common-1.44.1.jar;C:\Users\11024ss\.m2\repository\io\opentelemetry\opentelemetry-sdk-extension-autoconfigure-spi\1.44.1\opentelemetry-sdk-extension-autoconfigure-spi-1.44.1.jar;C:\Users\11024ss\.m2\repository\io\opentelemetry\opentelemetry-sdk-extension-autoconfigure\1.44.1\opentelemetry-sdk-extension-autoconfigure-1.44.1.jar;C:\Users\11024ss\.m2\repository\io\opentelemetry\opentelemetry-api-incubator\1.44.1-alpha\opentelemetry-api-incubator-1.44.1-alpha.jar;C:\Users\11024ss\.m2\repository\io\opentelemetry\opentelemetry-sdk-trace\1.44.1\opentelemetry-sdk-trace-1.44.1.jar;C:\Users\11024ss\.m2\repository\io\opentelemetry\opentelemetry-sdk\1.44.1\opentelemetry-sdk-1.44.1.jar;C:\Users\11024ss\.m2\repository\io\opentelemetry\opentelemetry-sdk-metrics\1.44.1\opentelemetry-sdk-metrics-1.44.1.jar;C:\Users\11024ss\.m2\repository\io\opentelemetry\opentelemetry-sdk-logs\1.44.1\opentelemetry-sdk-logs-1.44.1.jar;C:\Users\11024ss\.m2\repository\net\bytebuddy\byte-buddy\1.15.10\byte-buddy-1.15.10.jar;C:\Users\11024ss\.m2\repository\org\seleniumhq\selenium\selenium-os\4.27.0\selenium-os-4.27.0.jar;C:\Users\11024ss\.m2\repository\org\apache\commons\commons-exec\1.4.0\commons-exec-1.4.0.jar;C:\Users\11024ss\.m2\repository\org\seleniumhq\selenium\selenium-safari-driver\4.27.0\selenium-safari-driver-4.27.0.jar;C:\Users\11024ss\.m2\repository\org\seleniumhq\selenium\selenium-support\4.27.0\selenium-support-4.27.0.jar;C:\Users\11024ss\.m2\repository\org\testng\testng\7.11.0\testng-7.11.0.jar;C:\Users\11024ss\.m2\repository\org\jcommander\jcommander\1.83\jcommander-1.83.jar;C:\Users\11024ss\.m2\repository\org\webjars\jquery\3.7.1\jquery-3.7.1.jar;C:\Users\11024ss\.m2\repository\com\aventstack\extentreports\5.1.2\extentreports-5.1.2.jar;C:\Users\11024ss\.m2\repository\io\reactivex\rxjava3\rxjava\3.1.6\rxjava-3.1.6.jar;C:\Users\11024ss\.m2\repository\org\reactivestreams\reactive-streams\1.0.4\reactive-streams-1.0.4.jar;C:\Users\11024ss\.m2\repository\org\freemarker\freemarker\2.3.32\freemarker-2.3.32.jar;C:\Users\11024ss\.m2\repository\org\projectlombok\lombok\1.18.26\lombok-1.18.26.jar;C:\Users\11024ss\.m2\repository\com\google\code\gson\gson\2.10.1\gson-2.10.1.jar;C:\Users\11024ss\.m2\repository\com\fasterxml\jackson\core\jackson-databind\2.18.1\jackson-databind-2.18.1.jar;C:\Users\11024ss\.m2\repository\com\fasterxml\jackson\core\jackson-annotations\2.18.1\jackson-annotations-2.18.1.jar;C:\Users\11024ss\.m2\repository\com\fasterxml\jackson\core\jackson-core\2.18.1\jackson-core-2.18.1.jar;C:\Users\11024ss\.m2\repository\org\json\json\20240303\json-20240303.jar;C:\Users\11024ss\.m2\repository\org\apache\commons\commons-lang3\3.17.0\commons-lang3-3.17.0.jar;C:\Users\11024ss\.m2\repository\org\slf4j\slf4j-api\2.0.16\slf4j-api-2.0.16.jar;C:\Users\11024ss\.m2\repository\org\apache\logging\log4j\log4j-api\2.24.1\log4j-api-2.24.1.jar;C:\Users\11024ss\.m2\repository\org\apache\logging\log4j\log4j-core\2.24.1\log4j-core-2.24.1.jar;C:\Users\11024ss\.m2\repository\org\apache\logging\log4j\log4j-slf4j2-impl\2.24.1\log4j-slf4j2-impl-2.24.1.jar
Launcher Type: SUN_STANDARD

[Global flags]
     intx CICompilerCount                          = 3                                         {product} {ergonomic}
     uint ConcGCThreads                            = 1                                         {product} {ergonomic}
     uint G1ConcRefinementThreads                  = 4                                         {product} {ergonomic}
   size_t G1HeapRegionSize                         = 1048576                                   {product} {ergonomic}
   size_t InitialHeapSize                          = 130023424                                 {product} {ergonomic}
   size_t MarkStackSize                            = 4194304                                   {product} {ergonomic}
   size_t MaxHeapSize                              = 2078277632                                {product} {ergonomic}
   size_t MaxNewSize                               = 1246756864                                {product} {ergonomic}
   size_t MinHeapDeltaBytes                        = 1048576                                   {product} {ergonomic}
   size_t MinHeapSize                              = 8388608                                   {product} {ergonomic}
    uintx NonNMethodCodeHeapSize                   = 5832780                                {pd product} {ergonomic}
    uintx NonProfiledCodeHeapSize                  = 122912730                              {pd product} {ergonomic}
    uintx ProfiledCodeHeapSize                     = 122912730                              {pd product} {ergonomic}
    uintx ReservedCodeCacheSize                    = 251658240                              {pd product} {ergonomic}
     bool SegmentedCodeCache                       = true                                      {product} {ergonomic}
   size_t SoftMaxHeapSize                          = 2078277632                             {manageable} {ergonomic}
     bool UseCompressedOops                        = true                           {product lp64_product} {ergonomic}
     bool UseG1GC                                  = true                                      {product} {ergonomic}
     bool UseLargePagesIndividualAllocation        = false                                  {pd product} {ergonomic}

Logging:
Log output configuration:
 #0: stdout all=warning uptime,level,tags foldmultilines=false
 #1: stderr all=off uptime,level,tags foldmultilines=false

Environment Variables:
JAVA_HOME=C:\Users\11024ss\.jdks\corretto-11.0.26
PATH=C:\Windows\CCM\;C:\Windows\system32;C:\Windows;C:\Windows\System32\Wbem;C:\Windows\System32\WindowsPowerShell\v1.0\;C:\Windows\System32\OpenSSH\;C:\Windows\system32\config\systemprofile\AppData\Local\Microsoft\WindowsApps;C:\WINDOWS\system32;C:\WINDOWS;C:\WINDOWS\System32\Wbem;C:\WINDOWS\System32\WindowsPowerShell\v1.0\;C:\WINDOWS\System32\OpenSSH\;C:\apache-maven-3.9.8\bin;C:\Users\11024ss\Downloads\openlogic-openjdk-11.0.25+9-windows-x64.zip\openlogic-openjdk-11.0.25+9-windows-x64\bin;C:\Program Files\Git\cmd;C:\Users\pdqadmin\AppData\Local\Microsoft\WindowsApps;C:\WINDOWS\system32\config\systemprofile\AppData\Local\Microsoft\WindowsApps;C:\WINDOWS\system32;C:\WINDOWS;C:\WINDOWS\System32\Wbem;C:\WINDOWS\System32\WindowsPowerShell\v1.0\;C:\WINDOWS\System32\OpenSSH\;C:\Program Files\nodejs\;C:\Program Files\Adaptiva\AdaptivaClient\bin\x86;C:\Program Files\Adaptiva\AdaptivaClient\bin\amd64;C:\Users\11024ss\AppData\Local\Microsoft\WindowsApps;C:\Users\11024ss\AppData\Local\GitHubDesktop\bin;C:\Users\11024ss\.jdks\corretto-11.0.26\bin;C:\Users\11024ss\AppData\Local\Programs\Git\cmd;C:\Users\11024ss\AppData\Local\Programs\Microsoft VS Code\bin
USERNAME=11024SS
OS=Windows_NT
PROCESSOR_IDENTIFIER=Intel64 Family 6 Model 140 Stepping 1, GenuineIntel
TMP=C:\Users\11024ss\AppData\Local\Temp
TEMP=C:\Users\11024ss\AppData\Local\Temp




Periodic native trim disabled

---------------  S Y S T E M  ---------------

OS:
 Windows 11 , 64 bit Build 26100 (10.0.26100.7623)
OS uptime: 2 days 6:40 hours

CPU: total 4 (initial active 4) (2 cores per cpu, 2 threads per core) family 6 model 140 stepping 1 microcode 0xb4, cx8, cmov, fxsr, ht, mmx, 3dnowpref, sse, sse2, sse3, ssse3, sse4.1, sse4.2, popcnt, lzcnt, tsc, tscinvbit, avx, avx2, aes, erms, clmul, bmi1, bmi2, adx, avx512f, avx512dq, avx512cd, avx512bw, avx512vl, sha, fma, vzeroupper, avx512_vpopcntdq, avx512_vpclmulqdq, avx512_vaes, avx512_vnni, clflush, clflushopt, clwb, avx512_vbmi2, avx512_vbmi, rdtscp, rdpid, fsrm, gfni, avx512_bitalg, f16c, pku, cet_ibt, cet_ss, avx512_ifma
Processor Information for processor 0
  Max Mhz: 2189, Current Mhz: 1194, Mhz Limit: 2189
Processor Information for processor 1
  Max Mhz: 2189, Current Mhz: 2189, Mhz Limit: 2189
Processor Information for processor 2
  Max Mhz: 2189, Current Mhz: 2189, Mhz Limit: 2189
Processor Information for processor 3
  Max Mhz: 2189, Current Mhz: 2189, Mhz Limit: 2189

Memory: 4k page, system-wide physical 7926M (527M free)
TotalPageFile size 32502M (AvailPageFile size 1M)
current process WorkingSet (physical memory assigned to process): 45M, peak: 86M
current process commit charge ("private bytes"): 221M, peak: 221M

vm_info: OpenJDK 64-Bit Server VM (22.0.2+9-70) for windows-amd64 JRE (22.0.2+9-70), built on 2024-06-04T16:52:23Z by "mach5one" with MS VC++ 17.6 (VS2022)

END.
